{"/Users/arthurramaral/projects/puc/plf-es-2022-1-tcci-5308100-dev-arthur-rocha-guilherme-oliveira/Codigo/example/test-coverage.js":{"path":"/Users/arthurramaral/projects/puc/plf-es-2022-1-tcci-5308100-dev-arthur-rocha-guilherme-oliveira/Codigo/example/test-coverage.js","s":{"1":1,"2":6,"3":1,"4":5,"5":0,"6":5,"7":0,"8":5,"9":5,"10":5,"11":5,"12":5,"13":5,"14":5,"15":0,"16":5,"17":0,"18":0,"19":5,"20":0,"21":5,"22":1,"23":4,"24":1,"25":3,"26":3,"27":3,"28":3,"29":3,"30":3,"31":3,"32":3,"33":1,"34":6,"35":1,"36":15,"37":15},"b":{"1":[1,5],"2":[0,5],"3":[0,5],"4":[0,5],"5":[0,5],"6":[0,5],"7":[1,4],"8":[1,3],"9":[3,0],"10":[3,3,3],"11":[3,0],"12":[3,0],"13":[3,0],"14":[0,3]},"f":{"1":6,"2":6,"3":15},"fnMap":{"1":{"name":"test","line":1,"loc":{"start":{"line":1,"column":22},"end":{"line":1,"column":48}}},"2":{"name":"callbackBased","line":58,"loc":{"start":{"line":58,"column":0},"end":{"line":58,"column":41}}},"3":{"name":"subTest","line":62,"loc":{"start":{"line":62,"column":0},"end":{"line":62,"column":29}}}},"statementMap":{"1":{"start":{"line":1,"column":0},"end":{"line":56,"column":1}},"2":{"start":{"line":2,"column":4},"end":{"line":4,"column":5}},"3":{"start":{"line":3,"column":8},"end":{"line":3,"column":20}},"4":{"start":{"line":6,"column":4},"end":{"line":8,"column":5}},"5":{"start":{"line":7,"column":8},"end":{"line":7,"column":32}},"6":{"start":{"line":10,"column":4},"end":{"line":12,"column":5}},"7":{"start":{"line":11,"column":8},"end":{"line":11,"column":32}},"8":{"start":{"line":14,"column":4},"end":{"line":14,"column":27}},"9":{"start":{"line":16,"column":4},"end":{"line":16,"column":19}},"10":{"start":{"line":18,"column":4},"end":{"line":18,"column":27}},"11":{"start":{"line":19,"column":4},"end":{"line":19,"column":27}},"12":{"start":{"line":20,"column":4},"end":{"line":20,"column":27}},"13":{"start":{"line":21,"column":4},"end":{"line":21,"column":27}},"14":{"start":{"line":23,"column":4},"end":{"line":25,"column":5}},"15":{"start":{"line":24,"column":8},"end":{"line":24,"column":32}},"16":{"start":{"line":27,"column":4},"end":{"line":31,"column":5}},"17":{"start":{"line":28,"column":8},"end":{"line":28,"column":31}},"18":{"start":{"line":30,"column":8},"end":{"line":30,"column":32}},"19":{"start":{"line":33,"column":4},"end":{"line":35,"column":5}},"20":{"start":{"line":34,"column":8},"end":{"line":34,"column":21}},"21":{"start":{"line":37,"column":4},"end":{"line":37,"column":43}},"22":{"start":{"line":37,"column":26},"end":{"line":37,"column":43}},"23":{"start":{"line":38,"column":4},"end":{"line":38,"column":46}},"24":{"start":{"line":38,"column":26},"end":{"line":38,"column":46}},"25":{"start":{"line":40,"column":4},"end":{"line":44,"column":6}},"26":{"start":{"line":45,"column":4},"end":{"line":49,"column":5}},"27":{"start":{"line":46,"column":8},"end":{"line":46,"column":70}},"28":{"start":{"line":47,"column":8},"end":{"line":47,"column":70}},"29":{"start":{"line":48,"column":8},"end":{"line":48,"column":70}},"30":{"start":{"line":51,"column":4},"end":{"line":51,"column":51}},"31":{"start":{"line":53,"column":4},"end":{"line":53,"column":58}},"32":{"start":{"line":55,"column":4},"end":{"line":55,"column":22}},"33":{"start":{"line":58,"column":0},"end":{"line":60,"column":1}},"34":{"start":{"line":59,"column":4},"end":{"line":59,"column":39}},"35":{"start":{"line":62,"column":0},"end":{"line":65,"column":1}},"36":{"start":{"line":63,"column":4},"end":{"line":63,"column":39}},"37":{"start":{"line":64,"column":4},"end":{"line":64,"column":36}}},"branchMap":{"1":{"line":2,"type":"if","locations":[{"start":{"line":2,"column":4},"end":{"line":2,"column":4}},{"start":{"line":2,"column":4},"end":{"line":2,"column":4}}]},"2":{"line":6,"type":"if","locations":[{"start":{"line":6,"column":4},"end":{"line":6,"column":4}},{"start":{"line":6,"column":4},"end":{"line":6,"column":4}}]},"3":{"line":10,"type":"if","locations":[{"start":{"line":10,"column":4},"end":{"line":10,"column":4}},{"start":{"line":10,"column":4},"end":{"line":10,"column":4}}]},"4":{"line":23,"type":"if","locations":[{"start":{"line":23,"column":4},"end":{"line":23,"column":4}},{"start":{"line":23,"column":4},"end":{"line":23,"column":4}}]},"5":{"line":27,"type":"if","locations":[{"start":{"line":27,"column":4},"end":{"line":27,"column":4}},{"start":{"line":27,"column":4},"end":{"line":27,"column":4}}]},"6":{"line":33,"type":"if","locations":[{"start":{"line":33,"column":4},"end":{"line":33,"column":4}},{"start":{"line":33,"column":4},"end":{"line":33,"column":4}}]},"7":{"line":37,"type":"if","locations":[{"start":{"line":37,"column":4},"end":{"line":37,"column":4}},{"start":{"line":37,"column":4},"end":{"line":37,"column":4}}]},"8":{"line":38,"type":"if","locations":[{"start":{"line":38,"column":4},"end":{"line":38,"column":4}},{"start":{"line":38,"column":4},"end":{"line":38,"column":4}}]},"9":{"line":45,"type":"if","locations":[{"start":{"line":45,"column":4},"end":{"line":45,"column":4}},{"start":{"line":45,"column":4},"end":{"line":45,"column":4}}]},"10":{"line":45,"type":"binary-expr","locations":[{"start":{"line":45,"column":8},"end":{"line":45,"column":21}},{"start":{"line":45,"column":25},"end":{"line":45,"column":38}},{"start":{"line":45,"column":42},"end":{"line":45,"column":76}}]},"11":{"line":46,"type":"cond-expr","locations":[{"start":{"line":46,"column":34},"end":{"line":46,"column":53}},{"start":{"line":46,"column":56},"end":{"line":46,"column":69}}]},"12":{"line":47,"type":"cond-expr","locations":[{"start":{"line":47,"column":34},"end":{"line":47,"column":53}},{"start":{"line":47,"column":56},"end":{"line":47,"column":69}}]},"13":{"line":48,"type":"cond-expr","locations":[{"start":{"line":48,"column":34},"end":{"line":48,"column":53}},{"start":{"line":48,"column":56},"end":{"line":48,"column":69}}]},"14":{"line":51,"type":"cond-expr","locations":[{"start":{"line":51,"column":36},"end":{"line":51,"column":42}},{"start":{"line":51,"column":45},"end":{"line":51,"column":50}}]}}}}