TN:
SF:/Users/arthurramaral/projects/puc/plf-es-2022-1-tcci-5308100-dev-arthur-rocha-guilherme-oliveira/Codigo/example/test-coverage.js
FN:1,test
FN:58,callbackBased
FN:62,subTest
FNF:3
FNH:3
FNDA:6,test
FNDA:6,callbackBased
FNDA:15,subTest
DA:1,1
DA:2,6
DA:3,1
DA:6,5
DA:7,0
DA:10,5
DA:11,0
DA:14,5
DA:16,5
DA:18,5
DA:19,5
DA:20,5
DA:21,5
DA:23,5
DA:24,0
DA:27,5
DA:28,0
DA:30,0
DA:33,5
DA:34,0
DA:37,5
DA:38,4
DA:40,3
DA:45,3
DA:46,3
DA:47,3
DA:48,3
DA:51,3
DA:53,3
DA:55,3
DA:58,1
DA:59,6
DA:62,1
DA:63,15
DA:64,15
LF:35
LH:29
BRDA:2,1,0,1
BRDA:2,1,1,5
BRDA:6,2,0,0
BRDA:6,2,1,5
BRDA:10,3,0,0
BRDA:10,3,1,5
BRDA:23,4,0,0
BRDA:23,4,1,5
BRDA:27,5,0,0
BRDA:27,5,1,5
BRDA:33,6,0,0
BRDA:33,6,1,5
BRDA:37,7,0,1
BRDA:37,7,1,4
BRDA:38,8,0,1
BRDA:38,8,1,3
BRDA:45,9,0,3
BRDA:45,9,1,0
BRDA:45,10,0,3
BRDA:45,10,1,3
BRDA:45,10,2,3
BRDA:46,11,0,3
BRDA:46,11,1,0
BRDA:47,12,0,3
BRDA:47,12,1,0
BRDA:48,13,0,3
BRDA:48,13,1,0
BRDA:51,14,0,0
BRDA:51,14,1,3
BRF:29
BRH:19
end_of_record
