{"/Users/arthurramaral/projects/puc/plf-es-2022-1-tcci-5308100-dev-arthur-rocha-guilherme-oliveira/Codigo/example/test-coverage.js":{"path":"/Users/arthurramaral/projects/puc/plf-es-2022-1-tcci-5308100-dev-arthur-rocha-guilherme-oliveira/Codigo/example/test-coverage.js","s":{"1":1,"2":6,"3":1,"4":5,"5":0,"6":5,"7":0,"8":5,"9":5,"10":0,"11":5,"12":0,"13":5,"14":1,"15":4,"16":1,"17":3,"18":3,"19":3,"20":3,"21":3,"22":3,"23":1,"24":6,"25":1,"26":9,"27":9},"b":{"1":[1,5],"2":[0,5],"3":[0,5],"4":[0,5],"5":[0,5],"6":[1,4],"7":[1,3],"8":[3,0],"9":[3,3,3],"10":[3,0],"11":[0,3]},"f":{"1":6,"2":6,"3":9},"fnMap":{"1":{"name":"test","line":1,"loc":{"start":{"line":1,"column":22},"end":{"line":1,"column":48}}},"2":{"name":"callbackBased","line":42,"loc":{"start":{"line":42,"column":0},"end":{"line":42,"column":41}}},"3":{"name":"subTest","line":46,"loc":{"start":{"line":46,"column":0},"end":{"line":46,"column":29}}}},"statementMap":{"1":{"start":{"line":1,"column":0},"end":{"line":40,"column":1}},"2":{"start":{"line":2,"column":4},"end":{"line":4,"column":5}},"3":{"start":{"line":3,"column":8},"end":{"line":3,"column":20}},"4":{"start":{"line":6,"column":4},"end":{"line":8,"column":5}},"5":{"start":{"line":7,"column":8},"end":{"line":7,"column":32}},"6":{"start":{"line":10,"column":4},"end":{"line":12,"column":5}},"7":{"start":{"line":11,"column":8},"end":{"line":11,"column":32}},"8":{"start":{"line":14,"column":4},"end":{"line":14,"column":19}},"9":{"start":{"line":15,"column":4},"end":{"line":17,"column":5}},"10":{"start":{"line":16,"column":8},"end":{"line":16,"column":32}},"11":{"start":{"line":19,"column":4},"end":{"line":21,"column":5}},"12":{"start":{"line":20,"column":8},"end":{"line":20,"column":21}},"13":{"start":{"line":23,"column":4},"end":{"line":23,"column":43}},"14":{"start":{"line":23,"column":26},"end":{"line":23,"column":43}},"15":{"start":{"line":24,"column":4},"end":{"line":24,"column":46}},"16":{"start":{"line":24,"column":26},"end":{"line":24,"column":46}},"17":{"start":{"line":26,"column":4},"end":{"line":30,"column":6}},"18":{"start":{"line":31,"column":4},"end":{"line":33,"column":5}},"19":{"start":{"line":32,"column":8},"end":{"line":32,"column":70}},"20":{"start":{"line":35,"column":4},"end":{"line":35,"column":51}},"21":{"start":{"line":37,"column":4},"end":{"line":37,"column":58}},"22":{"start":{"line":39,"column":4},"end":{"line":39,"column":22}},"23":{"start":{"line":42,"column":0},"end":{"line":44,"column":1}},"24":{"start":{"line":43,"column":4},"end":{"line":43,"column":39}},"25":{"start":{"line":46,"column":0},"end":{"line":49,"column":1}},"26":{"start":{"line":47,"column":4},"end":{"line":47,"column":39}},"27":{"start":{"line":48,"column":4},"end":{"line":48,"column":36}}},"branchMap":{"1":{"line":2,"type":"if","locations":[{"start":{"line":2,"column":4},"end":{"line":2,"column":4}},{"start":{"line":2,"column":4},"end":{"line":2,"column":4}}]},"2":{"line":6,"type":"if","locations":[{"start":{"line":6,"column":4},"end":{"line":6,"column":4}},{"start":{"line":6,"column":4},"end":{"line":6,"column":4}}]},"3":{"line":10,"type":"if","locations":[{"start":{"line":10,"column":4},"end":{"line":10,"column":4}},{"start":{"line":10,"column":4},"end":{"line":10,"column":4}}]},"4":{"line":15,"type":"if","locations":[{"start":{"line":15,"column":4},"end":{"line":15,"column":4}},{"start":{"line":15,"column":4},"end":{"line":15,"column":4}}]},"5":{"line":19,"type":"if","locations":[{"start":{"line":19,"column":4},"end":{"line":19,"column":4}},{"start":{"line":19,"column":4},"end":{"line":19,"column":4}}]},"6":{"line":23,"type":"if","locations":[{"start":{"line":23,"column":4},"end":{"line":23,"column":4}},{"start":{"line":23,"column":4},"end":{"line":23,"column":4}}]},"7":{"line":24,"type":"if","locations":[{"start":{"line":24,"column":4},"end":{"line":24,"column":4}},{"start":{"line":24,"column":4},"end":{"line":24,"column":4}}]},"8":{"line":31,"type":"if","locations":[{"start":{"line":31,"column":4},"end":{"line":31,"column":4}},{"start":{"line":31,"column":4},"end":{"line":31,"column":4}}]},"9":{"line":31,"type":"binary-expr","locations":[{"start":{"line":31,"column":8},"end":{"line":31,"column":21}},{"start":{"line":31,"column":25},"end":{"line":31,"column":38}},{"start":{"line":31,"column":42},"end":{"line":31,"column":76}}]},"10":{"line":32,"type":"cond-expr","locations":[{"start":{"line":32,"column":34},"end":{"line":32,"column":53}},{"start":{"line":32,"column":56},"end":{"line":32,"column":69}}]},"11":{"line":35,"type":"cond-expr","locations":[{"start":{"line":35,"column":36},"end":{"line":35,"column":42}},{"start":{"line":35,"column":45},"end":{"line":35,"column":50}}]}}}}