{"C:\\Users\\Guilherme\\1@Eu\\plf-es-2022-1-tcci-5308100-dev-arthur-rocha-guilherme-oliveira\\Codigo\\example\\test-coverage.js":{"path":"C:\\Users\\Guilherme\\1@Eu\\plf-es-2022-1-tcci-5308100-dev-arthur-rocha-guilherme-oliveira\\Codigo\\example\\test-coverage.js","s":{"1":1,"2":0,"3":0,"4":0,"5":0,"6":0,"7":0,"8":0,"9":0,"10":0,"11":0,"12":0,"13":0,"14":0,"15":0,"16":0,"17":0,"18":0,"19":0,"20":0,"21":0,"22":0,"23":0,"24":0,"25":0,"26":0,"27":0,"28":0,"29":0,"30":1,"31":0,"32":1,"33":0,"34":0},"b":{"1":[0,0],"2":[0,0],"3":[0,0],"4":[0,0],"5":[0,0],"6":[0,0],"7":[0,0],"8":[0,0],"9":[0,0],"10":[0,0,0],"11":[0,0],"12":[0,0],"13":[0,0],"14":[0,0]},"f":{"1":0,"2":0,"3":0},"fnMap":{"1":{"name":"test","line":1,"loc":{"start":{"line":1,"column":22},"end":{"line":1,"column":48}}},"2":{"name":"callbackBased","line":55,"loc":{"start":{"line":55,"column":0},"end":{"line":55,"column":41}}},"3":{"name":"subTest","line":59,"loc":{"start":{"line":59,"column":0},"end":{"line":59,"column":29}}}},"statementMap":{"1":{"start":{"line":1,"column":0},"end":{"line":53,"column":1}},"2":{"start":{"line":2,"column":4},"end":{"line":4,"column":5}},"3":{"start":{"line":3,"column":8},"end":{"line":3,"column":20}},"4":{"start":{"line":6,"column":4},"end":{"line":8,"column":5}},"5":{"start":{"line":7,"column":8},"end":{"line":7,"column":32}},"6":{"start":{"line":10,"column":4},"end":{"line":12,"column":5}},"7":{"start":{"line":11,"column":8},"end":{"line":11,"column":32}},"8":{"start":{"line":14,"column":4},"end":{"line":14,"column":27}},"9":{"start":{"line":16,"column":4},"end":{"line":16,"column":19}},"10":{"start":{"line":18,"column":4},"end":{"line":18,"column":27}},"11":{"start":{"line":20,"column":4},"end":{"line":22,"column":5}},"12":{"start":{"line":21,"column":8},"end":{"line":21,"column":32}},"13":{"start":{"line":24,"column":4},"end":{"line":28,"column":5}},"14":{"start":{"line":25,"column":8},"end":{"line":25,"column":31}},"15":{"start":{"line":27,"column":8},"end":{"line":27,"column":32}},"16":{"start":{"line":30,"column":4},"end":{"line":32,"column":5}},"17":{"start":{"line":31,"column":8},"end":{"line":31,"column":21}},"18":{"start":{"line":34,"column":4},"end":{"line":34,"column":43}},"19":{"start":{"line":34,"column":26},"end":{"line":34,"column":43}},"20":{"start":{"line":35,"column":4},"end":{"line":35,"column":46}},"21":{"start":{"line":35,"column":26},"end":{"line":35,"column":46}},"22":{"start":{"line":37,"column":4},"end":{"line":41,"column":6}},"23":{"start":{"line":42,"column":4},"end":{"line":46,"column":5}},"24":{"start":{"line":43,"column":8},"end":{"line":43,"column":70}},"25":{"start":{"line":44,"column":8},"end":{"line":44,"column":70}},"26":{"start":{"line":45,"column":8},"end":{"line":45,"column":70}},"27":{"start":{"line":48,"column":4},"end":{"line":48,"column":51}},"28":{"start":{"line":50,"column":4},"end":{"line":50,"column":58}},"29":{"start":{"line":52,"column":4},"end":{"line":52,"column":22}},"30":{"start":{"line":55,"column":0},"end":{"line":57,"column":1}},"31":{"start":{"line":56,"column":4},"end":{"line":56,"column":39}},"32":{"start":{"line":59,"column":0},"end":{"line":62,"column":1}},"33":{"start":{"line":60,"column":4},"end":{"line":60,"column":39}},"34":{"start":{"line":61,"column":4},"end":{"line":61,"column":36}}},"branchMap":{"1":{"line":2,"type":"if","locations":[{"start":{"line":2,"column":4},"end":{"line":2,"column":4}},{"start":{"line":2,"column":4},"end":{"line":2,"column":4}}]},"2":{"line":6,"type":"if","locations":[{"start":{"line":6,"column":4},"end":{"line":6,"column":4}},{"start":{"line":6,"column":4},"end":{"line":6,"column":4}}]},"3":{"line":10,"type":"if","locations":[{"start":{"line":10,"column":4},"end":{"line":10,"column":4}},{"start":{"line":10,"column":4},"end":{"line":10,"column":4}}]},"4":{"line":20,"type":"if","locations":[{"start":{"line":20,"column":4},"end":{"line":20,"column":4}},{"start":{"line":20,"column":4},"end":{"line":20,"column":4}}]},"5":{"line":24,"type":"if","locations":[{"start":{"line":24,"column":4},"end":{"line":24,"column":4}},{"start":{"line":24,"column":4},"end":{"line":24,"column":4}}]},"6":{"line":30,"type":"if","locations":[{"start":{"line":30,"column":4},"end":{"line":30,"column":4}},{"start":{"line":30,"column":4},"end":{"line":30,"column":4}}]},"7":{"line":34,"type":"if","locations":[{"start":{"line":34,"column":4},"end":{"line":34,"column":4}},{"start":{"line":34,"column":4},"end":{"line":34,"column":4}}]},"8":{"line":35,"type":"if","locations":[{"start":{"line":35,"column":4},"end":{"line":35,"column":4}},{"start":{"line":35,"column":4},"end":{"line":35,"column":4}}]},"9":{"line":42,"type":"if","locations":[{"start":{"line":42,"column":4},"end":{"line":42,"column":4}},{"start":{"line":42,"column":4},"end":{"line":42,"column":4}}]},"10":{"line":42,"type":"binary-expr","locations":[{"start":{"line":42,"column":8},"end":{"line":42,"column":21}},{"start":{"line":42,"column":25},"end":{"line":42,"column":38}},{"start":{"line":42,"column":42},"end":{"line":42,"column":76}}]},"11":{"line":43,"type":"cond-expr","locations":[{"start":{"line":43,"column":34},"end":{"line":43,"column":53}},{"start":{"line":43,"column":56},"end":{"line":43,"column":69}}]},"12":{"line":44,"type":"cond-expr","locations":[{"start":{"line":44,"column":34},"end":{"line":44,"column":53}},{"start":{"line":44,"column":56},"end":{"line":44,"column":69}}]},"13":{"line":45,"type":"cond-expr","locations":[{"start":{"line":45,"column":34},"end":{"line":45,"column":53}},{"start":{"line":45,"column":56},"end":{"line":45,"column":69}}]},"14":{"line":48,"type":"cond-expr","locations":[{"start":{"line":48,"column":36},"end":{"line":48,"column":42}},{"start":{"line":48,"column":45},"end":{"line":48,"column":50}}]}}}}